生成启动时间为 18/1/5 00:35:06。
     1>项目“C:\Graphic\MyApp\MyApp.vcxproj”在节点 2 上(Build 个目标)。
     1>CustomBuild:
         Generate moc_predefs.h
       ClCompile:
         C:\Program Files (x86)\Microsoft Visual Studio 14.0\VC\bin\x86_amd64\CL.exe /c /I. /I..\..\Qt\Qt5.8.0\5.8\msvc2015_64\include /I..\..\Qt\Qt5.8.0\5.8\msvc2015_64\include\QtWidgets /I..\..\Qt\Qt5.8.0\5.8\msvc2015_64\include\QtGui /I..\..\Qt\Qt5.8.0\5.8\msvc2015_64\include\QtANGLE /I..\..\Qt\Qt5.8.0\5.8\msvc2015_64\include\QtCore /Idebug /I"..\..\Qt\Qt5.8.0\5.8\msvc2015_64\mkspecs\win32-msvc2015" /Zi /nologo /W3 /WX- /Od /D _WINDOWS /D UNICODE /D WIN32 /D WIN64 /D QT_WIDGETS_LIB /D QT_GUI_LIB /D QT_CORE_LIB /Gm- /EHsc /MDd /GS /fp:precise /Zc:wchar_t /Zc:forScope /Zc:inline /GR /Fo"x64\Debug\\" /Fd"x64\Debug\vc140.pdb" /Gd /TP /wd4577 /wd4467 /errorReport:prompt -Zc:strictStrings -Zc:throwingNew -w34100 -w34189 -w44996 -w44456 -w44457 -w44458 mainwindow.cpp
         mainwindow.cpp
     1>c:\graphic\myapp\rect.h(8): warning C4584: “Rect”: 基类“Shape”已是“Line”的基类
         c:\graphic\myapp\shape.h(40): note: 参见“Shape”的声明
         c:\graphic\myapp\line.h(6): note: 参见“Line”的声明
     1>c:\graphic\myapp\Circle.h(7): warning C4584: “Circle”: 基类“Shape”已是“Rect”的基类
         c:\graphic\myapp\shape.h(40): note: 参见“Shape”的声明
         c:\graphic\myapp\rect.h(7): note: 参见“Rect”的声明
     1>c:\graphic\myapp\Circle.h(8): warning C4584: “Circle”: 基类“Shape”已是“Line”的基类
         c:\graphic\myapp\shape.h(40): note: 参见“Shape”的声明
         c:\graphic\myapp\line.h(6): note: 参见“Line”的声明
     1>c:\graphic\myapp\Oval.h(6): warning C4584: “Oval”: 基类“Shape”已是“Rect”的基类
         c:\graphic\myapp\shape.h(40): note: 参见“Shape”的声明
         c:\graphic\myapp\rect.h(7): note: 参见“Rect”的声明
     1>c:\graphic\myapp\Polygon.h(6): warning C4584: “Poly”: 基类“Shape”已是“Line”的基类
         c:\graphic\myapp\shape.h(40): note: 参见“Shape”的声明
         c:\graphic\myapp\line.h(6): note: 参见“Line”的声明
     1>c:\graphic\myapp\Polygon.h(7): warning C4584: “Poly”: 基类“Shape”已是“Rect”的基类
         c:\graphic\myapp\shape.h(40): note: 参见“Shape”的声明
         c:\graphic\myapp\rect.h(7): note: 参见“Rect”的声明
     1>c:\graphic\myapp\Bezier.h(5): warning C4584: “Bezier”: 基类“Shape”已是“Line”的基类
         c:\graphic\myapp\shape.h(40): note: 参见“Shape”的声明
         c:\graphic\myapp\line.h(6): note: 参见“Line”的声明
     1>c:\graphic\myapp\Bezier.h(6): warning C4584: “Bezier”: 基类“Shape”已是“Rect”的基类
         c:\graphic\myapp\shape.h(40): note: 参见“Shape”的声明
         c:\graphic\myapp\rect.h(7): note: 参见“Rect”的声明
     1>c:\graphic\myapp\Bspline.h(6): warning C4584: “Bspline”: 基类“Shape”已是“Rect”的基类
         c:\graphic\myapp\shape.h(40): note: 参见“Shape”的声明
         c:\graphic\myapp\rect.h(7): note: 参见“Rect”的声明
     1>c:\graphic\myapp\Bspline.h(7): warning C4584: “Bspline”: 基类“Shape”已是“Line”的基类
         c:\graphic\myapp\shape.h(40): note: 参见“Shape”的声明
         c:\graphic\myapp\line.h(6): note: 参见“Line”的声明
       Link:
         C:\Program Files (x86)\Microsoft Visual Studio 14.0\VC\bin\x86_amd64\link.exe /ERRORREPORT:PROMPT /OUT:"debug\\MyApp.exe" /NOLOGO /LIBPATH:C:\Qt\Qt5.8.0\5.8\msvc2015_64\lib /LIBPATH:C:\utils\my_sql\my_sql\lib /LIBPATH:C:\utils\postgresql\pgsql\lib /LIBPATH:C:\Qt\Qt5.8.0\5.8\msvc2015_64\lib C:\Qt\Qt5.8.0\5.8\msvc2015_64\lib\qtmaind.lib shell32.lib C:\Qt\Qt5.8.0\5.8\msvc2015_64\lib\Qt5Widgetsd.lib C:\Qt\Qt5.8.0\5.8\msvc2015_64\lib\Qt5Guid.lib C:\Qt\Qt5.8.0\5.8\msvc2015_64\lib\Qt5Cored.lib C:\Qt\Qt5.8.0\5.8\msvc2015_64\lib\Qt5OpenGLd.lib kernel32.lib user32.lib gdi32.lib winspool.lib comdlg32.lib advapi32.lib shell32.lib ole32.lib oleaut32.lib uuid.lib odbc32.lib odbccp32.lib /MANIFEST /MANIFESTUAC:"level='asInvoker' uiAccess='false'" /manifest:embed /Debug /PDB:"debug\MyApp.pdb" /SUBSYSTEM:CONSOLE /TLBID:1 /DYNAMICBASE /NXCOMPAT /MACHINE:X64 "/MANIFESTDEPENDENCY:type='win32' name='Microsoft.Windows.Common-Controls' version='6.0.0.0' publicKeyToken='6595b64144ccf1df' language='*' processorArchitecture='*'" x64\Debug\Bezier.obj
         x64\Debug\Bspline.obj
         x64\Debug\Circle.obj
         x64\Debug\moc_mainwindow.obj
         x64\Debug\moc_paintwidget.obj
         x64\Debug\qrc_res.obj
         x64\Debug\line.obj
         x64\Debug\main.obj
         x64\Debug\mainwindow.obj
         x64\Debug\Oval.obj
         x64\Debug\paintwidget.obj
         x64\Debug\Polygon.obj
         x64\Debug\rect.obj
         x64\Debug\save.obj
         x64\Debug\shape.obj
         x64\Debug\show.obj
         MyApp.vcxproj -> C:\Graphic\MyApp\debug\MyApp.exe
     1>已完成生成项目“C:\Graphic\MyApp\MyApp.vcxproj”(Build 个目标)的操作。

已成功生成。

已用时间 00:00:04.46
