c:\graphic\myapp\x64\debug\vc140.pdb
c:\graphic\myapp\x64\debug\mainwindow.obj
c:\graphic\myapp\x64\debug\main.obj
c:\graphic\myapp\x64\debug\paintwidget.obj
c:\graphic\myapp\x64\debug\line.obj
c:\graphic\myapp\x64\debug\moc_paintwidget.obj
c:\graphic\myapp\x64\debug\moc_mainwindow.obj
c:\graphic\myapp\x64\debug\shape.obj
c:\graphic\myapp\x64\debug\rect.obj
c:\graphic\myapp\x64\debug\circle.obj
c:\graphic\myapp\x64\debug\qrc_res.obj
c:\graphic\myapp\x64\debug\oval.obj
c:\graphic\myapp\x64\debug\polygon.obj
c:\graphic\myapp\generatedfiles\qrc_res.cpp
c:\graphic\myapp\debug\moc_mainwindow.cpp
c:\graphic\myapp\debug\moc_paintwidget.cpp
c:\graphic\myapp\debug\moc_predefs.h
c:\graphic\myapp\debug\myapp.ilk
c:\graphic\myapp\debug\myapp.exe
c:\graphic\myapp\debug\myapp.pdb
c:\graphic\myapp\x64\debug\myapp.tlog\cl.command.1.tlog
c:\graphic\myapp\x64\debug\myapp.tlog\cl.read.1.tlog
c:\graphic\myapp\x64\debug\myapp.tlog\cl.write.1.tlog
c:\graphic\myapp\x64\debug\myapp.tlog\custombuild.command.1.tlog
c:\graphic\myapp\x64\debug\myapp.tlog\custombuild.read.1.tlog
c:\graphic\myapp\x64\debug\myapp.tlog\custombuild.write.1.tlog
c:\graphic\myapp\x64\debug\myapp.tlog\link.command.1.tlog
c:\graphic\myapp\x64\debug\myapp.tlog\link.read.1.tlog
c:\graphic\myapp\x64\debug\myapp.tlog\link.write.1.tlog
